(THU.CST) os is loading ...

Special kernel symbols:
  entry  0x00100000 (phys)
  etext  0x00103275 (phys)
  edata  0x0010ea16 (phys)
  end    0x0010fd20 (phys)
Kernel executable memory footprint: 64KB
ebp:0x00007b38 eip:0x00100a28 args: 0x00010094 0x00010094 0x00007b68 0x0010007f
    kern/debug/kdebug.c:295: print_stackframe+22
ebp:0x00007b48 eip:0x00100d16 args: 0x00000000 0x00000000 0x00000000 0x00007bb8
    kern/debug/kmonitor.c:125: mon_backtrace+10
ebp:0x00007b68 eip:0x0010007f args: 0x00000000 0x00007b90 0xffff0000 0x00007b94
    kern/init/init.c:48: grade_backtrace2+19
ebp:0x00007b88 eip:0x001000a1 args: 0x00000000 0xffff0000 0x00007bb4 0x00000029
    kern/init/init.c:53: grade_backtrace1+27
ebp:0x00007ba8 eip:0x001000be args: 0x00000000 0x00100000 0xffff0000 0x00100043
    kern/init/init.c:58: grade_backtrace0+19
ebp:0x00007bc8 eip:0x001000df args: 0x00000000 0x00000000 0x00000000 0x00103280
    kern/init/init.c:63: grade_backtrace+26
ebp:0x00007be8 eip:0x00100050 args: 0x00000000 0x00000000 0x00000000 0x00007c4f
    kern/init/init.c:28: kern_init+79
ebp:0x00007bf8 eip:0x00007d6e args: 0xc031fcfa 0xc08ed88e 0x64e4d08e 0xfa7502a8
    <unknow>: -- 0x00007d6d --
++ setup timer interrupts
